<?xml version="1.0" encoding="UTF-8"?>
<!-- Generated by org.testng.reporters.JUnitXMLReporter -->
<testsuite hostname="dell-PC" ignored="0" name="Test" tests="4" failures="0" timestamp="04 Sep 2019 15:36:11 GMT" time="47.032" errors="0">
  <testcase name="verifySuppliersLinkTest" time="0.251" classname="com.eproc.qa.testcases.HomePageTest"/>
  <testcase name="verifyAddNewSupplier" time="0.303" classname="com.eproc.qa.testcases.SuppliersPageTest"/>
  <testcase name="validateNewSupplier" time="0.567" classname="com.eproc.qa.testcases.NewSupplierAddTest"/>
  <testcase name="validateNewSupplier" time="0.702" classname="com.eproc.qa.testcases.NewSupplierAddTest"/>
</testsuite> <!-- Test -->
