<?xml version="1.0" encoding="UTF-8"?>
<!-- Generated by org.testng.reporters.JUnitXMLReporter -->
<testsuite hostname="dell-PC" ignored="0" name="Test" tests="4" failures="0" timestamp="04 Sep 2019 15:39:38 GMT" time="34.191" errors="0">
  <testcase name="verifySuppliersLinkTest" time="0.272" classname="com.eproc.qa.testcases.HomePageTest"/>
  <testcase name="verifyAddNewSupplier" time="0.287" classname="com.eproc.qa.testcases.SuppliersPageTest"/>
  <testcase name="validateNewSupplier" time="0.544" classname="com.eproc.qa.testcases.NewSupplierAddTest"/>
  <testcase name="validateNewSupplier" time="0.659" classname="com.eproc.qa.testcases.NewSupplierAddTest"/>
</testsuite> <!-- Test -->
