<?xml version="1.0" encoding="UTF-8"?>
<testng-results skipped="0" failed="0" ignored="0" total="4" passed="4">
  <reporter-output>
  </reporter-output>
  <suite name="Suite" duration-ms="47032" started-at="2019-09-04T15:35:24Z" finished-at="2019-09-04T15:36:11Z">
    <groups>
    </groups>
    <test name="Test" duration-ms="47032" started-at="2019-09-04T15:35:24Z" finished-at="2019-09-04T15:36:11Z">
      <class name="com.eproc.qa.testcases.NewSupplierAddTest">
        <test-method status="PASS" signature="setUp()[pri:0, instance:com.eproc.qa.testcases.NewSupplierAddTest@19963d8]" name="setUp" is-config="true" duration-ms="6665" started-at="2019-09-04T15:35:55Z" finished-at="2019-09-04T15:36:02Z">
          <reporter-output>
          </reporter-output>
        </test-method> <!-- setUp -->
        <test-method status="PASS" signature="validateNewSupplier(java.lang.String, java.lang.String)[pri:0, instance:com.eproc.qa.testcases.NewSupplierAddTest@19963d8]" name="validateNewSupplier" duration-ms="567" started-at="2019-09-04T15:36:02Z" data-provider="getEPROCTestData" finished-at="2019-09-04T15:36:02Z">
          <params>
            <param index="0">
              <value>
                <![CDATA[SachinSupp]]>
              </value>
            </param>
            <param index="1">
              <value>
                <![CDATA[Sachin Grains Pvt Ltd]]>
              </value>
            </param>
          </params>
          <reporter-output>
          </reporter-output>
        </test-method> <!-- validateNewSupplier -->
        <test-method status="PASS" signature="tearDown()[pri:0, instance:com.eproc.qa.testcases.NewSupplierAddTest@19963d8]" name="tearDown" is-config="true" duration-ms="780" started-at="2019-09-04T15:36:02Z" finished-at="2019-09-04T15:36:03Z">
          <reporter-output>
          </reporter-output>
        </test-method> <!-- tearDown -->
        <test-method status="PASS" signature="setUp()[pri:0, instance:com.eproc.qa.testcases.NewSupplierAddTest@19963d8]" name="setUp" is-config="true" duration-ms="6873" started-at="2019-09-04T15:36:03Z" finished-at="2019-09-04T15:36:10Z">
          <reporter-output>
          </reporter-output>
        </test-method> <!-- setUp -->
        <test-method status="PASS" signature="validateNewSupplier(java.lang.String, java.lang.String)[pri:0, instance:com.eproc.qa.testcases.NewSupplierAddTest@19963d8]" name="validateNewSupplier" duration-ms="702" started-at="2019-09-04T15:36:10Z" data-provider="getEPROCTestData" finished-at="2019-09-04T15:36:11Z">
          <params>
            <param index="0">
              <value>
                <![CDATA[SandySupp]]>
              </value>
            </param>
            <param index="1">
              <value>
                <![CDATA[Sandy Shoes Pvt Ltd]]>
              </value>
            </param>
          </params>
          <reporter-output>
          </reporter-output>
        </test-method> <!-- validateNewSupplier -->
        <test-method status="PASS" signature="tearDown()[pri:0, instance:com.eproc.qa.testcases.NewSupplierAddTest@19963d8]" name="tearDown" is-config="true" duration-ms="741" started-at="2019-09-04T15:36:11Z" finished-at="2019-09-04T15:36:11Z">
          <reporter-output>
          </reporter-output>
        </test-method> <!-- tearDown -->
      </class> <!-- com.eproc.qa.testcases.NewSupplierAddTest -->
      <class name="com.eproc.qa.testcases.HomePageTest">
        <test-method status="PASS" signature="setUp()[pri:0, instance:com.eproc.qa.testcases.HomePageTest@16c48ac]" name="setUp" is-config="true" duration-ms="21371" started-at="2019-09-04T15:35:24Z" finished-at="2019-09-04T15:35:46Z">
          <reporter-output>
          </reporter-output>
        </test-method> <!-- setUp -->
        <test-method status="PASS" signature="verifySuppliersLinkTest()[pri:0, instance:com.eproc.qa.testcases.HomePageTest@16c48ac]" name="verifySuppliersLinkTest" duration-ms="251" started-at="2019-09-04T15:35:46Z" finished-at="2019-09-04T15:35:46Z">
          <reporter-output>
          </reporter-output>
        </test-method> <!-- verifySuppliersLinkTest -->
        <test-method status="PASS" signature="tearDown()[pri:0, instance:com.eproc.qa.testcases.HomePageTest@16c48ac]" name="tearDown" is-config="true" duration-ms="0" started-at="2019-09-04T15:35:46Z" finished-at="2019-09-04T15:35:46Z">
          <reporter-output>
          </reporter-output>
        </test-method> <!-- tearDown -->
      </class> <!-- com.eproc.qa.testcases.HomePageTest -->
      <class name="com.eproc.qa.testcases.SuppliersPageTest">
        <test-method status="PASS" signature="setUp()[pri:0, instance:com.eproc.qa.testcases.SuppliersPageTest@1deb50e]" name="setUp" is-config="true" duration-ms="7225" started-at="2019-09-04T15:35:46Z" finished-at="2019-09-04T15:35:53Z">
          <reporter-output>
          </reporter-output>
        </test-method> <!-- setUp -->
        <test-method status="PASS" signature="verifyAddNewSupplier()[pri:0, instance:com.eproc.qa.testcases.SuppliersPageTest@1deb50e]" name="verifyAddNewSupplier" duration-ms="303" started-at="2019-09-04T15:35:53Z" finished-at="2019-09-04T15:35:54Z">
          <reporter-output>
          </reporter-output>
        </test-method> <!-- verifyAddNewSupplier -->
        <test-method status="PASS" signature="tearDown()[pri:0, instance:com.eproc.qa.testcases.SuppliersPageTest@1deb50e]" name="tearDown" is-config="true" duration-ms="796" started-at="2019-09-04T15:35:54Z" finished-at="2019-09-04T15:35:54Z">
          <reporter-output>
          </reporter-output>
        </test-method> <!-- tearDown -->
      </class> <!-- com.eproc.qa.testcases.SuppliersPageTest -->
    </test> <!-- Test -->
  </suite> <!-- Suite -->
</testng-results>
